fflibrary/build/intermediates/manifest_merge_blame_file/release/manifest-merger-blame-release-report.txt
1<?xml version="1.0" encoding="utf-8"?>
2<manifest xmlns:android="http://schemas.android.com/apk/res/android"
3    package="com.fantafeat" >
4
5    <uses-sdk android:minSdkVersion="24" />
6
7    <uses-permission android:name="android.permission.ACCESS_NETWORK_STATE" />
7-->src/main/AndroidManifest.xml:5:5-79
7-->src/main/AndroidManifest.xml:5:22-76
8    <uses-permission android:name="android.permission.INTERNET" />
8-->src/main/AndroidManifest.xml:6:5-67
8-->src/main/AndroidManifest.xml:6:22-64
9    <uses-permission android:name="android.permission.WRITE_EXTERNAL_STORAGE" />
9-->src/main/AndroidManifest.xml:7:5-81
9-->src/main/AndroidManifest.xml:7:22-78
10    <uses-permission android:name="android.permission.READ_EXTERNAL_STORAGE" />
10-->src/main/AndroidManifest.xml:8:5-80
10-->src/main/AndroidManifest.xml:8:22-77
11    <uses-permission android:name="android.permission.READ_MEDIA_IMAGES" />
11-->src/main/AndroidManifest.xml:9:5-76
11-->src/main/AndroidManifest.xml:9:22-73
12    <uses-permission android:name="android.permission.READ_MEDIA_AUDIO" />
12-->src/main/AndroidManifest.xml:10:5-75
12-->src/main/AndroidManifest.xml:10:22-72
13    <uses-permission android:name="android.permission.READ_MEDIA_VIDEO" />
13-->src/main/AndroidManifest.xml:11:5-75
13-->src/main/AndroidManifest.xml:11:22-72
14    <uses-permission android:name="android.permission.POST_NOTIFICATIONS" />
14-->src/main/AndroidManifest.xml:12:5-77
14-->src/main/AndroidManifest.xml:12:22-74
15
16    <application android:name="com.fantafeat.Session.MyApp" >
16-->src/main/AndroidManifest.xml:14:5-75:19
16-->src/main/AndroidManifest.xml:15:9-51
17        <activity
17-->src/main/AndroidManifest.xml:16:9-19:52
18            android:name="com.fantafeat.Activity.CustomMoreContestListActivity"
18-->src/main/AndroidManifest.xml:17:13-80
19            android:exported="true"
19-->src/main/AndroidManifest.xml:18:14-37
20            android:screenOrientation="portrait" />
20-->src/main/AndroidManifest.xml:19:13-49
21        <activity
21-->src/main/AndroidManifest.xml:21:9-24:52
22            android:name="com.fantafeat.Activity.MoreContestListActivity"
22-->src/main/AndroidManifest.xml:22:13-74
23            android:exported="true"
23-->src/main/AndroidManifest.xml:23:14-37
24            android:screenOrientation="portrait" />
24-->src/main/AndroidManifest.xml:24:13-49
25        <activity
25-->src/main/AndroidManifest.xml:26:9-29:52
26            android:name="com.fantafeat.Activity.CompareTeamActivity"
26-->src/main/AndroidManifest.xml:27:13-70
27            android:exported="true"
27-->src/main/AndroidManifest.xml:28:14-37
28            android:screenOrientation="portrait" />
28-->src/main/AndroidManifest.xml:29:13-49
29        <activity
29-->src/main/AndroidManifest.xml:31:9-34:52
30            android:name="com.fantafeat.Activity.PlayerStatsActivity"
30-->src/main/AndroidManifest.xml:32:13-70
31            android:exported="true"
31-->src/main/AndroidManifest.xml:33:14-37
32            android:screenOrientation="portrait" />
32-->src/main/AndroidManifest.xml:34:13-49
33        <activity
33-->src/main/AndroidManifest.xml:35:9-38:52
34            android:name="com.fantafeat.Activity.AfterMatchPlayerStatesActivity"
34-->src/main/AndroidManifest.xml:36:13-81
35            android:exported="true"
35-->src/main/AndroidManifest.xml:37:14-37
36            android:screenOrientation="portrait" />
36-->src/main/AndroidManifest.xml:38:13-49
37        <activity
37-->src/main/AndroidManifest.xml:39:9-42:52
38            android:name="com.fantafeat.Activity.SwipeTeamActivity"
38-->src/main/AndroidManifest.xml:40:13-68
39            android:exported="true"
39-->src/main/AndroidManifest.xml:41:14-37
40            android:screenOrientation="portrait" />
40-->src/main/AndroidManifest.xml:42:13-49
41        <activity
41-->src/main/AndroidManifest.xml:43:9-46:52
42            android:name="com.fantafeat.Activity.TeamSelectJoinActivity"
42-->src/main/AndroidManifest.xml:44:13-73
43            android:exported="true"
43-->src/main/AndroidManifest.xml:45:14-37
44            android:screenOrientation="portrait" />
44-->src/main/AndroidManifest.xml:46:13-49
45        <activity
45-->src/main/AndroidManifest.xml:48:9-51:52
46            android:name="com.fantafeat.Activity.LeaderBoardActivity"
46-->src/main/AndroidManifest.xml:49:13-70
47            android:exported="true"
47-->src/main/AndroidManifest.xml:50:14-37
48            android:screenOrientation="portrait" />
48-->src/main/AndroidManifest.xml:51:13-49
49        <activity
49-->src/main/AndroidManifest.xml:52:9-55:52
50            android:name="com.fantafeat.Activity.AfterMatchActivity"
50-->src/main/AndroidManifest.xml:53:13-69
51            android:exported="true"
51-->src/main/AndroidManifest.xml:54:14-37
52            android:screenOrientation="portrait" />
52-->src/main/AndroidManifest.xml:55:13-49
53        <activity
53-->src/main/AndroidManifest.xml:56:9-59:52
54            android:name="com.fantafeat.Activity.SelectCVCActivity"
54-->src/main/AndroidManifest.xml:57:13-68
55            android:exported="true"
55-->src/main/AndroidManifest.xml:58:14-37
56            android:screenOrientation="portrait" />
56-->src/main/AndroidManifest.xml:59:13-49
57        <activity
57-->src/main/AndroidManifest.xml:60:9-63:52
58            android:name="com.fantafeat.Activity.CricketSelectPlayerActivity"
58-->src/main/AndroidManifest.xml:61:13-78
59            android:exported="true"
59-->src/main/AndroidManifest.xml:62:14-37
60            android:screenOrientation="portrait" />
60-->src/main/AndroidManifest.xml:63:13-49
61        <activity
61-->src/main/AndroidManifest.xml:64:9-67:52
62            android:name="com.fantafeat.Activity.ContestListActivity"
62-->src/main/AndroidManifest.xml:65:13-70
63            android:exported="true"
63-->src/main/AndroidManifest.xml:66:14-37
64            android:screenOrientation="portrait" />
64-->src/main/AndroidManifest.xml:67:13-49
65        <activity
65-->src/main/AndroidManifest.xml:69:9-74:20
66            android:name="com.fantafeat.Activity.HomeActivity"
66-->src/main/AndroidManifest.xml:70:13-63
67            android:exported="true"
67-->src/main/AndroidManifest.xml:71:13-36
68            android:screenOrientation="portrait" >
68-->src/main/AndroidManifest.xml:72:13-49
69        </activity>
70    </application>
71
72</manifest>